2020-03-23 20:53:46:121 grammar LogManager.java:25 before: (LEXER_GRAMMAR lexico_ejemplo (RULES (RULE DIGITO (RULEMODIFIERS fragment) (BLOCK (ALT [0-9]))) (RULE FLOTANTE (BLOCK (ALT (+ (BLOCK (ALT DIGITO))) '.' (+ (BLOCK (ALT DIGITO)))))) (RULE ENTERO (BLOCK (ALT (+ (BLOCK (ALT DIGITO)))))) (RULE BOOLEAN (BLOCK (ALT 'true') (ALT 'false'))) (RULE PALABRA (RULEMODIFIERS fragment) (BLOCK (ALT [a-zA-Z0-9]))) (RULE CHAR (BLOCK (ALT PALABRA))) (RULE ID (BLOCK (ALT (+ (BLOCK (ALT [a-z])))))) (RULE COMMENT_LINE (BLOCK (LEXER_ALT_ACTION (ALT '//' (* (BLOCK (ALT .)))) (LEXER_ACTION_CALL channel HIDDEN)))) (RULE COMMENT_BLOCK (BLOCK (LEXER_ALT_ACTION (ALT '/*' (* (BLOCK (ALT .))) '/*') (LEXER_ACTION_CALL channel HIDDEN))))))
2020-03-23 20:53:46:137 grammar LogManager.java:25 after: (LEXER_GRAMMAR lexico_ejemplo (RULES (RULE DIGITO (RULEMODIFIERS fragment) (BLOCK (ALT [0-9]))) (RULE FLOTANTE (BLOCK (ALT (+ (BLOCK (ALT DIGITO))) '.' (+ (BLOCK (ALT DIGITO)))))) (RULE ENTERO (BLOCK (ALT (+ (BLOCK (ALT DIGITO)))))) (RULE BOOLEAN (BLOCK (ALT 'true') (ALT 'false'))) (RULE PALABRA (RULEMODIFIERS fragment) (BLOCK (ALT [a-zA-Z0-9]))) (RULE CHAR (BLOCK (ALT PALABRA))) (RULE ID (BLOCK (ALT (+ (BLOCK (ALT [a-z])))))) (RULE COMMENT_LINE (BLOCK (LEXER_ALT_ACTION (ALT '//' (* (BLOCK (ALT .)))) (LEXER_ACTION_CALL channel HIDDEN)))) (RULE COMMENT_BLOCK (BLOCK (LEXER_ALT_ACTION (ALT '/*' (* (BLOCK (ALT .))) '/*') (LEXER_ACTION_CALL channel HIDDEN))))))
2020-03-23 20:53:46:505 grammar LogManager.java:25 load lexico_ejemplo from sintactico_ejemplo.g4
2020-03-23 20:53:46:508 grammar LogManager.java:25 before: (COMBINED_GRAMMAR sintactico_ejemplo (import lexico_ejemplo) (RULES (RULE verificar_nombre (BLOCK (ALT 'name:' ID)))))
2020-03-23 20:53:46:509 grammar LogManager.java:25 imported actions: []
2020-03-23 20:53:46:510 grammar LogManager.java:25 imported rule: (RULE DIGITO (RULEMODIFIERS fragment) (BLOCK (ALT [0-9])))
2020-03-23 20:53:46:510 grammar LogManager.java:25 imported rule: (RULE FLOTANTE (BLOCK (ALT (+ (BLOCK (ALT DIGITO))) '.' (+ (BLOCK (ALT DIGITO))))))
2020-03-23 20:53:46:510 grammar LogManager.java:25 imported rule: (RULE ENTERO (BLOCK (ALT (+ (BLOCK (ALT DIGITO))))))
2020-03-23 20:53:46:510 grammar LogManager.java:25 imported rule: (RULE BOOLEAN (BLOCK (ALT 'true') (ALT 'false')))
2020-03-23 20:53:46:510 grammar LogManager.java:25 imported rule: (RULE PALABRA (RULEMODIFIERS fragment) (BLOCK (ALT [a-zA-Z0-9])))
2020-03-23 20:53:46:510 grammar LogManager.java:25 imported rule: (RULE CHAR (BLOCK (ALT PALABRA)))
2020-03-23 20:53:46:510 grammar LogManager.java:25 imported rule: (RULE ID (BLOCK (ALT (+ (BLOCK (ALT [a-z]))))))
2020-03-23 20:53:46:510 grammar LogManager.java:25 imported rule: (RULE COMMENT_LINE (BLOCK (LEXER_ALT_ACTION (ALT '//' (* (BLOCK (ALT .)))) (LEXER_ACTION_CALL channel HIDDEN))))
2020-03-23 20:53:46:510 grammar LogManager.java:25 imported rule: (RULE COMMENT_BLOCK (BLOCK (LEXER_ALT_ACTION (ALT '/*' (* (BLOCK (ALT .))) '/*') (LEXER_ACTION_CALL channel HIDDEN))))
2020-03-23 20:53:46:510 grammar LogManager.java:25 Grammar: (COMBINED_GRAMMAR sintactico_ejemplo (import lexico_ejemplo) (RULES (RULE verificar_nombre (BLOCK (ALT 'name:' ID))) (RULE DIGITO (RULEMODIFIERS fragment) (BLOCK (ALT [0-9]))) (RULE FLOTANTE (BLOCK (ALT (+ (BLOCK (ALT DIGITO))) '.' (+ (BLOCK (ALT DIGITO)))))) (RULE ENTERO (BLOCK (ALT (+ (BLOCK (ALT DIGITO)))))) (RULE BOOLEAN (BLOCK (ALT 'true') (ALT 'false'))) (RULE PALABRA (RULEMODIFIERS fragment) (BLOCK (ALT [a-zA-Z0-9]))) (RULE CHAR (BLOCK (ALT PALABRA))) (RULE ID (BLOCK (ALT (+ (BLOCK (ALT [a-z])))))) (RULE COMMENT_LINE (BLOCK (LEXER_ALT_ACTION (ALT '//' (* (BLOCK (ALT .)))) (LEXER_ACTION_CALL channel HIDDEN)))) (RULE COMMENT_BLOCK (BLOCK (LEXER_ALT_ACTION (ALT '/*' (* (BLOCK (ALT .))) '/*') (LEXER_ACTION_CALL channel HIDDEN))))))
2020-03-23 20:53:46:513 grammar LogManager.java:25 after: (COMBINED_GRAMMAR sintactico_ejemplo (import lexico_ejemplo) (RULES (RULE verificar_nombre (BLOCK (ALT 'name:' ID))) (RULE DIGITO (RULEMODIFIERS fragment) (BLOCK (ALT [0-9]))) (RULE FLOTANTE (BLOCK (ALT (+ (BLOCK (ALT DIGITO))) '.' (+ (BLOCK (ALT DIGITO)))))) (RULE ENTERO (BLOCK (ALT (+ (BLOCK (ALT DIGITO)))))) (RULE BOOLEAN (BLOCK (ALT 'true') (ALT 'false'))) (RULE PALABRA (RULEMODIFIERS fragment) (BLOCK (ALT [a-zA-Z0-9]))) (RULE CHAR (BLOCK (ALT PALABRA))) (RULE ID (BLOCK (ALT (+ (BLOCK (ALT [a-z])))))) (RULE COMMENT_LINE (BLOCK (LEXER_ALT_ACTION (ALT '//' (* (BLOCK (ALT .)))) (LEXER_ACTION_CALL channel HIDDEN)))) (RULE COMMENT_BLOCK (BLOCK (LEXER_ALT_ACTION (ALT '/*' (* (BLOCK (ALT .))) '/*') (LEXER_ACTION_CALL channel HIDDEN))))))
2020-03-23 20:53:46:516 grammar LogManager.java:25 after extract implicit lexer =(COMBINED_GRAMMAR sintactico_ejemplo (import lexico_ejemplo) (RULES (RULE verificar_nombre (BLOCK (ALT 'name:' ID)))))
2020-03-23 20:53:46:516 grammar LogManager.java:25 lexer =(LEXER_GRAMMAR sintactico_ejemploLexer (RULES (RULE T__0 (BLOCK (ALT 'name:'))) (RULE DIGITO (RULEMODIFIERS fragment) (BLOCK (ALT [0-9]))) (RULE FLOTANTE (BLOCK (ALT (+ (BLOCK (ALT DIGITO))) '.' (+ (BLOCK (ALT DIGITO)))))) (RULE ENTERO (BLOCK (ALT (+ (BLOCK (ALT DIGITO)))))) (RULE BOOLEAN (BLOCK (ALT 'true') (ALT 'false'))) (RULE PALABRA (RULEMODIFIERS fragment) (BLOCK (ALT [a-zA-Z0-9]))) (RULE CHAR (BLOCK (ALT PALABRA))) (RULE ID (BLOCK (ALT (+ (BLOCK (ALT [a-z])))))) (RULE COMMENT_LINE (BLOCK (LEXER_ALT_ACTION (ALT '//' (* (BLOCK (ALT .)))) (LEXER_ACTION_CALL channel HIDDEN)))) (RULE COMMENT_BLOCK (BLOCK (LEXER_ALT_ACTION (ALT '/*' (* (BLOCK (ALT .))) '/*') (LEXER_ACTION_CALL channel HIDDEN))))))
2020-03-23 20:53:46:575 semantics LogManager.java:25 tokens={EOF=-1, T__0=1, FLOTANTE=2, ENTERO=3, BOOLEAN=4, CHAR=5, ID=6, COMMENT_LINE=7, COMMENT_BLOCK=8}
2020-03-23 20:53:46:575 semantics LogManager.java:25 strings={'name:'=1}
