2020-03-30 16:27:28:915 grammar LogManager.java:25 before: (COMBINED_GRAMMAR binario_decimal (RULES (RULE convertir (BLOCK (ALT (= numero BINARIO) {
                int numero=$numero.text;
                int pos = 0;
                int decimal = 0;
                while (numero != 0) {
                    digito = numero % 10;
                    decimal = decimal + digito * (int) Math.pow(2, pos);
                    pos++;
                    numero = numero / 10;
                }
            }))) (RULE BINARIO (BLOCK (ALT (+ (BLOCK (ALT [01])))))) (RULE WS (BLOCK (LEXER_ALT_ACTION (ALT [ \t\r\n]) skip)))))
2020-03-30 16:27:28:925 grammar LogManager.java:25 after: (COMBINED_GRAMMAR binario_decimal (RULES (RULE convertir (BLOCK (ALT (= numero BINARIO) {
                int numero=$numero.text;
                int pos = 0;
                int decimal = 0;
                while (numero != 0) {
                    digito = numero % 10;
                    decimal = decimal + digito * (int) Math.pow(2, pos);
                    pos++;
                    numero = numero / 10;
                }
            }))) (RULE BINARIO (BLOCK (ALT (+ (BLOCK (ALT [01])))))) (RULE WS (BLOCK (LEXER_ALT_ACTION (ALT [ \t\r\n]) skip)))))
2020-03-30 16:27:28:945 grammar LogManager.java:25 after extract implicit lexer =(COMBINED_GRAMMAR binario_decimal (RULES (RULE convertir (BLOCK (ALT (= numero BINARIO) {
                int numero=$numero.text;
                int pos = 0;
                int decimal = 0;
                while (numero != 0) {
                    digito = numero % 10;
                    decimal = decimal + digito * (int) Math.pow(2, pos);
                    pos++;
                    numero = numero / 10;
                }
            })))))
2020-03-30 16:27:28:945 grammar LogManager.java:25 lexer =(LEXER_GRAMMAR binario_decimalLexer (RULES (RULE BINARIO (BLOCK (ALT (+ (BLOCK (ALT [01])))))) (RULE WS (BLOCK (LEXER_ALT_ACTION (ALT [ \t\r\n]) skip)))))
2020-03-30 16:27:29:281 semantics LogManager.java:25 tokens={EOF=-1, BINARIO=1, WS=2}
2020-03-30 16:27:29:281 semantics LogManager.java:25 strings={}
2020-03-30 16:27:29:306 action-translator LogManager.java:25 translate 
                int numero=$numero.text;
                int pos = 0;
                int decimal = 0;
                while (numero != 0) {
                    digito = numero % 10;
                    decimal = decimal + digito * (int) Math.pow(2, pos);
                    pos++;
                    numero = numero / 10;
                }
            
2020-03-30 16:27:29:307 action-translator LogManager.java:25 qattr [@-1,30:35='numero',<0>,6:28].[@-1,37:40='text',<0>,6:35]
