2020-03-30 16:29:18:797 grammar LogManager.java:25 before: (COMBINED_GRAMMAR binario_decimal (RULES (RULE convertir (BLOCK (ALT (= numero BINARIO) {
                int bin=$numero.text;
                int pos = 0;
                int decimal = 0;

                while (numero != 0) {
                    int digito = bin % 10;
                    decimal = decimal + digito * (int) Math.pow(2, pos);
                    pos++;
                    bin = bin / 10;
                }

                System.out.print("decimal: "+decimal);
            }))) (RULE BINARIO (BLOCK (ALT (+ (BLOCK (ALT [01])))))) (RULE WS (BLOCK (LEXER_ALT_ACTION (ALT [ \t\r\n]) skip)))))
2020-03-30 16:29:18:811 grammar LogManager.java:25 after: (COMBINED_GRAMMAR binario_decimal (RULES (RULE convertir (BLOCK (ALT (= numero BINARIO) {
                int bin=$numero.text;
                int pos = 0;
                int decimal = 0;

                while (numero != 0) {
                    int digito = bin % 10;
                    decimal = decimal + digito * (int) Math.pow(2, pos);
                    pos++;
                    bin = bin / 10;
                }

                System.out.print("decimal: "+decimal);
            }))) (RULE BINARIO (BLOCK (ALT (+ (BLOCK (ALT [01])))))) (RULE WS (BLOCK (LEXER_ALT_ACTION (ALT [ \t\r\n]) skip)))))
2020-03-30 16:29:18:833 grammar LogManager.java:25 after extract implicit lexer =(COMBINED_GRAMMAR binario_decimal (RULES (RULE convertir (BLOCK (ALT (= numero BINARIO) {
                int bin=$numero.text;
                int pos = 0;
                int decimal = 0;

                while (numero != 0) {
                    int digito = bin % 10;
                    decimal = decimal + digito * (int) Math.pow(2, pos);
                    pos++;
                    bin = bin / 10;
                }

                System.out.print("decimal: "+decimal);
            })))))
2020-03-30 16:29:18:833 grammar LogManager.java:25 lexer =(LEXER_GRAMMAR binario_decimalLexer (RULES (RULE BINARIO (BLOCK (ALT (+ (BLOCK (ALT [01])))))) (RULE WS (BLOCK (LEXER_ALT_ACTION (ALT [ \t\r\n]) skip)))))
2020-03-30 16:29:19:151 semantics LogManager.java:25 tokens={EOF=-1, BINARIO=1, WS=2}
2020-03-30 16:29:19:151 semantics LogManager.java:25 strings={}
2020-03-30 16:29:19:176 action-translator LogManager.java:25 translate 
                int bin=$numero.text;
                int pos = 0;
                int decimal = 0;

                while (numero != 0) {
                    int digito = bin % 10;
                    decimal = decimal + digito * (int) Math.pow(2, pos);
                    pos++;
                    bin = bin / 10;
                }

                System.out.print("decimal: "+decimal);
            
2020-03-30 16:29:19:179 action-translator LogManager.java:25 qattr [@-1,27:32='numero',<0>,6:25].[@-1,34:37='text',<0>,6:32]
