2020-03-30 17:22:05:977 grammar LogManager.java:25 before: (COMBINED_GRAMMAR binario_decimal (RULES (RULE varios (BLOCK (ALT (+ (BLOCK (ALT convertir)))))) (RULE convertir (BLOCK (ALT (= n BINARIO) {
                String bin=$n.text;
                int exp=2;
                int decimal=0;
                for (int n = bin.length()-1; n >=0; n--) 
                { 
                    String c=bin.substring(n,2);
                    decimal+=Integer.parseInt(c) * exp;
                    exp*=2; 
                }
                System.out.println("decimal: "+decimal);
            }))) (RULE BINARIO (BLOCK (ALT (+ (BLOCK (ALT [01])))))) (RULE WS (BLOCK (LEXER_ALT_ACTION (ALT [ \t\r\n]) skip)))))
2020-03-30 17:22:05:990 grammar LogManager.java:25 after: (COMBINED_GRAMMAR binario_decimal (RULES (RULE varios (BLOCK (ALT (+ (BLOCK (ALT convertir)))))) (RULE convertir (BLOCK (ALT (= n BINARIO) {
                String bin=$n.text;
                int exp=2;
                int decimal=0;
                for (int n = bin.length()-1; n >=0; n--) 
                { 
                    String c=bin.substring(n,2);
                    decimal+=Integer.parseInt(c) * exp;
                    exp*=2; 
                }
                System.out.println("decimal: "+decimal);
            }))) (RULE BINARIO (BLOCK (ALT (+ (BLOCK (ALT [01])))))) (RULE WS (BLOCK (LEXER_ALT_ACTION (ALT [ \t\r\n]) skip)))))
2020-03-30 17:22:06:010 grammar LogManager.java:25 after extract implicit lexer =(COMBINED_GRAMMAR binario_decimal (RULES (RULE varios (BLOCK (ALT (+ (BLOCK (ALT convertir)))))) (RULE convertir (BLOCK (ALT (= n BINARIO) {
                String bin=$n.text;
                int exp=2;
                int decimal=0;
                for (int n = bin.length()-1; n >=0; n--) 
                { 
                    String c=bin.substring(n,2);
                    decimal+=Integer.parseInt(c) * exp;
                    exp*=2; 
                }
                System.out.println("decimal: "+decimal);
            })))))
2020-03-30 17:22:06:010 grammar LogManager.java:25 lexer =(LEXER_GRAMMAR binario_decimalLexer (RULES (RULE BINARIO (BLOCK (ALT (+ (BLOCK (ALT [01])))))) (RULE WS (BLOCK (LEXER_ALT_ACTION (ALT [ \t\r\n]) skip)))))
2020-03-30 17:22:06:374 semantics LogManager.java:25 tokens={EOF=-1, BINARIO=1, WS=2}
2020-03-30 17:22:06:374 semantics LogManager.java:25 strings={}
2020-03-30 17:22:06:388 LL1 LogManager.java:25 
DECISION 0 in rule varios
2020-03-30 17:22:06:388 LL1 LogManager.java:25 look=[1, <EOF>]
2020-03-30 17:22:06:388 LL1 LogManager.java:25 LL(1)? true
2020-03-30 17:22:06:410 action-translator LogManager.java:25 translate 
                String bin=$n.text;
                int exp=2;
                int decimal=0;
                for (int n = bin.length()-1; n >=0; n--) 
                { 
                    String c=bin.substring(n,2);
                    decimal+=Integer.parseInt(c) * exp;
                    exp*=2; 
                }
                System.out.println("decimal: "+decimal);
            
2020-03-30 17:22:06:410 action-translator LogManager.java:25 qattr [@-1,30:30='n',<0>,6:28].[@-1,32:35='text',<0>,6:30]
