2020-04-29 17:44:29:005 grammar LogManager.java:25 before: (COMBINED_GRAMMAR usuarios (RULES (RULE nombre_usuario (BLOCK (ALT ARROBA (= u USERNAME) ENTER {
                    VerifyUser user= new VerifyUser($u.text);
                    
                    if(user.valid()){
                        System.out.println("Usuario valido");
                    }else{
                        System.out.println("Usuario invalido");
                    }
                }))) (RULE ARROBA (BLOCK (ALT '@'))) (RULE USERNAME (BLOCK (ALT (+ (BLOCK (ALT [a-zA-Z0-9_])))))) (RULE ENTER (BLOCK (ALT [\r\n]))) (RULE WS (BLOCK (LEXER_ALT_ACTION (ALT [ ]) skip)))))
2020-04-29 17:44:29:005 grammar LogManager.java:25 after: (COMBINED_GRAMMAR usuarios (RULES (RULE nombre_usuario (BLOCK (ALT ARROBA (= u USERNAME) ENTER {
                    VerifyUser user= new VerifyUser($u.text);
                    
                    if(user.valid()){
                        System.out.println("Usuario valido");
                    }else{
                        System.out.println("Usuario invalido");
                    }
                }))) (RULE ARROBA (BLOCK (ALT '@'))) (RULE USERNAME (BLOCK (ALT (+ (BLOCK (ALT [a-zA-Z0-9_])))))) (RULE ENTER (BLOCK (ALT [\r\n]))) (RULE WS (BLOCK (LEXER_ALT_ACTION (ALT [ ]) skip)))))
2020-04-29 17:44:29:020 grammar LogManager.java:25 after extract implicit lexer =(COMBINED_GRAMMAR usuarios (RULES (RULE nombre_usuario (BLOCK (ALT ARROBA (= u USERNAME) ENTER {
                    VerifyUser user= new VerifyUser($u.text);
                    
                    if(user.valid()){
                        System.out.println("Usuario valido");
                    }else{
                        System.out.println("Usuario invalido");
                    }
                })))))
2020-04-29 17:44:29:020 grammar LogManager.java:25 lexer =(LEXER_GRAMMAR usuariosLexer (RULES (RULE ARROBA (BLOCK (ALT '@'))) (RULE USERNAME (BLOCK (ALT (+ (BLOCK (ALT [a-zA-Z0-9_])))))) (RULE ENTER (BLOCK (ALT [\r\n]))) (RULE WS (BLOCK (LEXER_ALT_ACTION (ALT [ ]) skip)))))
2020-04-29 17:44:29:270 semantics LogManager.java:25 tokens={EOF=-1, ARROBA=1, USERNAME=2, ENTER=3, WS=4}
2020-04-29 17:44:29:270 semantics LogManager.java:25 strings={'@'=1}
2020-04-29 17:44:29:286 action-translator LogManager.java:25 translate 
                    VerifyUser user= new VerifyUser($u.text);
                    
                    if(user.valid()){
                        System.out.println("Usuario valido");
                    }else{
                        System.out.println("Usuario invalido");
                    }
                
2020-04-29 17:44:29:286 action-translator LogManager.java:25 qattr [@-1,55:55='u',<0>,15:53].[@-1,57:60='text',<0>,15:55]
