2020-04-29 16:59:19:928 grammar LogManager.java:25 before: (COMBINED_GRAMMAR usuarios (RULES (RULE nombre_usuario (BLOCK (ALT ARROBA (= u USERNAME) {
                    VerifyUser user= new VerifyUser($u.text);
                    
                    if(user.validar()){
                        System.out.println("Usuario valido");
                    }else{
                        System.out.println("Usuario valido");
                    }
                }))) (RULE ARROBA (BLOCK (ALT '@'))) (RULE USERNAME (BLOCK (ALT (+ (BLOCK (ALT [a-zA-Z0-9_])))))) (RULE ENTER (BLOCK (LEXER_ALT_ACTION (ALT [\n]) skip)))))
2020-04-29 16:59:19:941 grammar LogManager.java:25 after: (COMBINED_GRAMMAR usuarios (RULES (RULE nombre_usuario (BLOCK (ALT ARROBA (= u USERNAME) {
                    VerifyUser user= new VerifyUser($u.text);
                    
                    if(user.validar()){
                        System.out.println("Usuario valido");
                    }else{
                        System.out.println("Usuario valido");
                    }
                }))) (RULE ARROBA (BLOCK (ALT '@'))) (RULE USERNAME (BLOCK (ALT (+ (BLOCK (ALT [a-zA-Z0-9_])))))) (RULE ENTER (BLOCK (LEXER_ALT_ACTION (ALT [\n]) skip)))))
2020-04-29 16:59:19:967 grammar LogManager.java:25 after extract implicit lexer =(COMBINED_GRAMMAR usuarios (RULES (RULE nombre_usuario (BLOCK (ALT ARROBA (= u USERNAME) {
                    VerifyUser user= new VerifyUser($u.text);
                    
                    if(user.validar()){
                        System.out.println("Usuario valido");
                    }else{
                        System.out.println("Usuario valido");
                    }
                })))))
2020-04-29 16:59:19:967 grammar LogManager.java:25 lexer =(LEXER_GRAMMAR usuariosLexer (RULES (RULE ARROBA (BLOCK (ALT '@'))) (RULE USERNAME (BLOCK (ALT (+ (BLOCK (ALT [a-zA-Z0-9_])))))) (RULE ENTER (BLOCK (LEXER_ALT_ACTION (ALT [\n]) skip)))))
2020-04-29 16:59:20:227 semantics LogManager.java:25 tokens={EOF=-1, ARROBA=1, USERNAME=2, ENTER=3}
2020-04-29 16:59:20:227 semantics LogManager.java:25 strings={'@'=1}
2020-04-29 16:59:20:247 action-translator LogManager.java:25 translate 
                    VerifyUser user= new VerifyUser($u.text);
                    
                    if(user.validar()){
                        System.out.println("Usuario valido");
                    }else{
                        System.out.println("Usuario valido");
                    }
                
2020-04-29 16:59:20:247 action-translator LogManager.java:25 qattr [@-1,55:55='u',<0>,15:53].[@-1,57:60='text',<0>,15:55]
