2020-04-01 15:37:02:283 grammar LogManager.java:25 before: (COMBINED_GRAMMAR corchetes (RULES (RULE llaves (BLOCK (ALT (+ (BLOCK (ALT OPEN))) (+ (BLOCK (ALT NUMBER))) (+ (BLOCK (ALT ','))) (+ (BLOCK (ALT CLOSE)))))) (RULE OPEN (BLOCK (ALT '['))) (RULE CLOSE (BLOCK (ALT ']'))) (RULE NUMBER (BLOCK (ALT (+ (BLOCK (ALT [0-9])))))) (RULE WS (BLOCK (LEXER_ALT_ACTION (ALT [ \t\n\r]) skip)))))
2020-04-01 15:37:02:298 grammar LogManager.java:25 after: (COMBINED_GRAMMAR corchetes (RULES (RULE llaves (BLOCK (ALT (+ (BLOCK (ALT OPEN))) (+ (BLOCK (ALT NUMBER))) (+ (BLOCK (ALT ','))) (+ (BLOCK (ALT CLOSE)))))) (RULE OPEN (BLOCK (ALT '['))) (RULE CLOSE (BLOCK (ALT ']'))) (RULE NUMBER (BLOCK (ALT (+ (BLOCK (ALT [0-9])))))) (RULE WS (BLOCK (LEXER_ALT_ACTION (ALT [ \t\n\r]) skip)))))
2020-04-01 15:37:02:325 grammar LogManager.java:25 after extract implicit lexer =(COMBINED_GRAMMAR corchetes (RULES (RULE llaves (BLOCK (ALT (+ (BLOCK (ALT OPEN))) (+ (BLOCK (ALT NUMBER))) (+ (BLOCK (ALT ','))) (+ (BLOCK (ALT CLOSE))))))))
2020-04-01 15:37:02:325 grammar LogManager.java:25 lexer =(LEXER_GRAMMAR corchetesLexer (RULES (RULE T__0 (BLOCK (ALT ','))) (RULE OPEN (BLOCK (ALT '['))) (RULE CLOSE (BLOCK (ALT ']'))) (RULE NUMBER (BLOCK (ALT (+ (BLOCK (ALT [0-9])))))) (RULE WS (BLOCK (LEXER_ALT_ACTION (ALT [ \t\n\r]) skip)))))
2020-04-01 15:37:02:856 semantics LogManager.java:25 tokens={EOF=-1, T__0=1, OPEN=2, CLOSE=3, NUMBER=4, WS=5}
2020-04-01 15:37:02:856 semantics LogManager.java:25 strings={','=1, '['=2, ']'=3}
2020-04-01 15:37:02:870 LL1 LogManager.java:25 
DECISION 0 in rule llaves
2020-04-01 15:37:02:874 LL1 LogManager.java:25 look=[2, 4]
2020-04-01 15:37:02:875 LL1 LogManager.java:25 LL(1)? true
2020-04-01 15:37:02:875 LL1 LogManager.java:25 
DECISION 1 in rule llaves
2020-04-01 15:37:02:875 LL1 LogManager.java:25 look=[4, 1]
2020-04-01 15:37:02:876 LL1 LogManager.java:25 LL(1)? true
2020-04-01 15:37:02:876 LL1 LogManager.java:25 
DECISION 2 in rule llaves
2020-04-01 15:37:02:878 LL1 LogManager.java:25 look=[1, 3]
2020-04-01 15:37:02:879 LL1 LogManager.java:25 LL(1)? true
2020-04-01 15:37:02:879 LL1 LogManager.java:25 
DECISION 3 in rule llaves
2020-04-01 15:37:02:879 LL1 LogManager.java:25 look=[3, <EOF>]
2020-04-01 15:37:02:879 LL1 LogManager.java:25 LL(1)? true
