2020-04-27 15:47:30:852 grammar LogManager.java:25 before: (COMBINED_GRAMMAR comandos (RULES (RULE comandos (BLOCK (ALT consola))) (RULE consola (BLOCK (ALT CD RUTA ENTER {
            System.out.println("El comando cd se utiliza para acceder a directorios dentro de los SO");
            System.out.println("El comando que usted ingreso es: "+$CD.text+" "+$RUTA.text);
            System.out.println($CD.text +" "+ $RUTA.text);
        }) (ALT DIR ENTER {
            System.out.println("El comando lista el contenido del directorio o carpeta donde te encuentras, mostrando todas las subcarpetas o archivos que tiene. Con este comando podrás saber si el archivo que buscas está ahí o a qué subcarpeta navegar.");
            System.out.println("El comando que usted ingreso es: "+$DIR.text);
            System.out.println($CD.text);
        }))) (RULE CD (BLOCK (ALT 'cd'))) (RULE DIR (BLOCK (ALT 'dir'))) (RULE RUTA (BLOCK (ALT (+ (BLOCK (ALT [a-zA-Z0-9-])))))) (RULE ENTER (BLOCK (ALT [\r\n]))) (RULE ESPACIOS (BLOCK (LEXER_ALT_ACTION (ALT [ ]) skip)))))
2020-04-27 15:47:30:865 grammar LogManager.java:25 after: (COMBINED_GRAMMAR comandos (RULES (RULE comandos (BLOCK (ALT consola))) (RULE consola (BLOCK (ALT CD RUTA ENTER {
            System.out.println("El comando cd se utiliza para acceder a directorios dentro de los SO");
            System.out.println("El comando que usted ingreso es: "+$CD.text+" "+$RUTA.text);
            System.out.println($CD.text +" "+ $RUTA.text);
        }) (ALT DIR ENTER {
            System.out.println("El comando lista el contenido del directorio o carpeta donde te encuentras, mostrando todas las subcarpetas o archivos que tiene. Con este comando podrás saber si el archivo que buscas está ahí o a qué subcarpeta navegar.");
            System.out.println("El comando que usted ingreso es: "+$DIR.text);
            System.out.println($CD.text);
        }))) (RULE CD (BLOCK (ALT 'cd'))) (RULE DIR (BLOCK (ALT 'dir'))) (RULE RUTA (BLOCK (ALT (+ (BLOCK (ALT [a-zA-Z0-9-])))))) (RULE ENTER (BLOCK (ALT [\r\n]))) (RULE ESPACIOS (BLOCK (LEXER_ALT_ACTION (ALT [ ]) skip)))))
2020-04-27 15:47:30:885 grammar LogManager.java:25 after extract implicit lexer =(COMBINED_GRAMMAR comandos (RULES (RULE comandos (BLOCK (ALT consola))) (RULE consola (BLOCK (ALT CD RUTA ENTER {
            System.out.println("El comando cd se utiliza para acceder a directorios dentro de los SO");
            System.out.println("El comando que usted ingreso es: "+$CD.text+" "+$RUTA.text);
            System.out.println($CD.text +" "+ $RUTA.text);
        }) (ALT DIR ENTER {
            System.out.println("El comando lista el contenido del directorio o carpeta donde te encuentras, mostrando todas las subcarpetas o archivos que tiene. Con este comando podrás saber si el archivo que buscas está ahí o a qué subcarpeta navegar.");
            System.out.println("El comando que usted ingreso es: "+$DIR.text);
            System.out.println($CD.text);
        })))))
2020-04-27 15:47:30:885 grammar LogManager.java:25 lexer =(LEXER_GRAMMAR comandosLexer (RULES (RULE CD (BLOCK (ALT 'cd'))) (RULE DIR (BLOCK (ALT 'dir'))) (RULE RUTA (BLOCK (ALT (+ (BLOCK (ALT [a-zA-Z0-9-])))))) (RULE ENTER (BLOCK (ALT [\r\n]))) (RULE ESPACIOS (BLOCK (LEXER_ALT_ACTION (ALT [ ]) skip)))))
2020-04-27 15:47:31:259 semantics LogManager.java:25 tokens={EOF=-1, CD=1, DIR=2, RUTA=3, ENTER=4, ESPACIOS=5}
2020-04-27 15:47:31:259 semantics LogManager.java:25 strings={'cd'=1, 'dir'=2}
