2020-04-27 15:36:19:282 grammar LogManager.java:25 before: (COMBINED_GRAMMAR comandos (RULES (RULE comandos (BLOCK (ALT consola))) (RULE consola (BLOCK (ALT CD RUTA ENTER {
            System.out.println("El comando cd se utiliza para acceder a directorios dentro de los SO");
            System.out.println("El comando que usted ingres贸 es: "+$CD.text+" "+$RUTA.text);
            System.out.println($CD.text +" "+ $RUTA.text);
        }))) (RULE CD (BLOCK (ALT 'cd'))) (RULE RUTA (BLOCK (ALT (+ (BLOCK (ALT [a-zA-Z0-9-])))))) (RULE ENTER (BLOCK (ALT [\r\n]))) (RULE ESPACIOS (BLOCK (LEXER_ALT_ACTION (ALT [ ]) skip)))))
2020-04-27 15:36:19:294 grammar LogManager.java:25 after: (COMBINED_GRAMMAR comandos (RULES (RULE comandos (BLOCK (ALT consola))) (RULE consola (BLOCK (ALT CD RUTA ENTER {
            System.out.println("El comando cd se utiliza para acceder a directorios dentro de los SO");
            System.out.println("El comando que usted ingres贸 es: "+$CD.text+" "+$RUTA.text);
            System.out.println($CD.text +" "+ $RUTA.text);
        }))) (RULE CD (BLOCK (ALT 'cd'))) (RULE RUTA (BLOCK (ALT (+ (BLOCK (ALT [a-zA-Z0-9-])))))) (RULE ENTER (BLOCK (ALT [\r\n]))) (RULE ESPACIOS (BLOCK (LEXER_ALT_ACTION (ALT [ ]) skip)))))
2020-04-27 15:36:19:316 grammar LogManager.java:25 after extract implicit lexer =(COMBINED_GRAMMAR comandos (RULES (RULE comandos (BLOCK (ALT consola))) (RULE consola (BLOCK (ALT CD RUTA ENTER {
            System.out.println("El comando cd se utiliza para acceder a directorios dentro de los SO");
            System.out.println("El comando que usted ingres贸 es: "+$CD.text+" "+$RUTA.text);
            System.out.println($CD.text +" "+ $RUTA.text);
        })))))
2020-04-27 15:36:19:316 grammar LogManager.java:25 lexer =(LEXER_GRAMMAR comandosLexer (RULES (RULE CD (BLOCK (ALT 'cd'))) (RULE RUTA (BLOCK (ALT (+ (BLOCK (ALT [a-zA-Z0-9-])))))) (RULE ENTER (BLOCK (ALT [\r\n]))) (RULE ESPACIOS (BLOCK (LEXER_ALT_ACTION (ALT [ ]) skip)))))
2020-04-27 15:36:19:667 semantics LogManager.java:25 tokens={EOF=-1, CD=1, RUTA=2, ENTER=3, ESPACIOS=4}
2020-04-27 15:36:19:668 semantics LogManager.java:25 strings={'cd'=1}
2020-04-27 15:36:19:702 action-translator LogManager.java:25 translate 
            System.out.println("El comando cd se utiliza para acceder a directorios dentro de los SO");
            System.out.println("El comando que usted ingres贸 es: "+$CD.text+" "+$RUTA.text);
            System.out.println($CD.text +" "+ $RUTA.text);
        
2020-04-27 15:36:19:703 action-translator LogManager.java:25 qattr [@-1,176:177='CD',<0>,8:69].[@-1,179:182='text',<0>,8:72]
2020-04-27 15:36:19:703 action-translator LogManager.java:25 qattr [@-1,189:192='RUTA',<0>,8:82].[@-1,194:197='text',<0>,8:87]
2020-04-27 15:36:19:707 action-translator LogManager.java:25 qattr [@-1,234:235='CD',<0>,9:32].[@-1,237:240='text',<0>,9:35]
2020-04-27 15:36:19:708 action-translator LogManager.java:25 qattr [@-1,249:252='RUTA',<0>,9:47].[@-1,254:257='text',<0>,9:52]
